It ended when Mehmed I emerged as the sultan and restored Ottoman power, bringing an end to the Interregnum.
^ Online edition, Hindustan Times.
[44][45] After the Soviet invasion of Manchuria and the atomic bombings of Hiroshima and Nagasaki in 1945, Japan agreed to an unconditional surrender on 15 August.
Archived from the original on 4 February 2007. http://web.archive.org/web/20070204064754/http://volcano.und.edu/vwdocs/volc_images/north_asia/japan_tec.html.
Ieyasu was appointed shogun in 1603 and established the Tokugawa shogunate at Edo (modern Tokyo).
Japanese Economy 27 (2): 45–59.
Hideyoshi invaded Korea twice, but following defeats by Korean and Ming Chinese forces and Hideyoshi's death, Japanese troops were withdrawn in 1598.
^ Usmani, Maulana Mufti Taqi.
Do we have their names?".
In the final days of the war, during the Battle of Berlin in 1945, Hitler married his long-time mistress, Eva Braun.
[6] [edit] Events [edit] January  January 1  Bulgaria and Romania join the European Union.
[9] May 17 – The Russian Orthodox Church Abroad and the Moscow Patriarchate re-unite after 80 years of schism.
[132] The Taliban seized Kabul on 27 September 1996, and established the Islamic Emirate of Afghanistan.
and Saudi Arabia to Pakistan.
[94] After the death of Nader Shah in 1747, the Afghans chose Ahmad Shah Durrani as their head of state.
Shimr was angry, said that he would have to do it himself and wearing his armor, he went to where Imam Husain was.
[edit] See also     Geography  portal    Asia  portal    Southwest Asia  portal    Middle East  portal    Israel  portal     Outline of Israel National symbols of Israel  [edit] Notes   a.
^ "Egypt: Israel must accept the land-for-peace formula".
The village administration level is the most influential on a citizen's daily life, and handles matters of a village or neighborhood through an elected lurah or kepala desa (village chief).
Special administrative region of the People's Republic of China, participate as "Hong Kong, China" and "Macao China".
After Yuan Shikai's death in 1916, China was politically fragmented, with an internationally recognized but virtually powerless national government seated in Beijing.
In 1947, constitutional rule was established, but because of the ongoing unrest many provisions of the ROC constitution were never implemented in mainland China.
Hong Kong was ceded over to the British.
[279] [edit] Demographics Main article: Demographics of the People's Republic of China     A population density map of the People's Republic of China.
[112] Its nine members are appointed by the governor general on the advice of the Prime Minister and Minister of Justice.
Criminal law is solely a federal responsibility and is uniform throughout Canada.
^ Royal Canadian Mounted Police.
English and French have equal status in federal courts, Parliament, and in all federal institutions.
[186]    Largest metropolitan areas in Canada by population (2011 Census)    view talk edit      Name Province Population   Name Province Population    Toronto Ontario 5,583,064   London Ontario 474,786   Montreal Quebec 3,824,221   St.
[217] [edit] Demography Main articles: Demographics of Australia and Immigration to Australia     Nearly three quarters of Australians live in metropolitan cities and coastal areas.
[132] [edit] Geography and climate Main articles: Geography of Australia, Climate of Australia, and Geology of Australia     Climatic zones in Australia, based on the Köppen climate classification.
The number of verses differ from chapter to chapter.
"[302]     Romani arrivals in the Belzec extermination camp, 1940   Before being sent to the camps, the victims were herded into ghettos, including several hundred into the Warsaw Ghetto.
February 8 – The Taliban releases a video of Polish geologist Piotr Stańczak, whom they had abducted a few months earlier, being beheaded.
[24] February 26 – Former Serbian president Milan Milutinović is acquitted by the International Criminal Tribunal for the former Yugoslavia regarding war crimes during the Kosovo War.
618 Medinan War   619 Banu Hashim clan boycott ends   619 The year of sorrows: khadija (his wife) and Abu Talib (his uncle) die   c.
[49] [edit] Life [edit] Life in Mecca   Timeline of Muhammad in Mecca   Important dates and locations in the life of Muhammad in Mecca   c.
^ L'histoire de la Turquie, 1854, vol II, p.276 ^ Histoire de la Turquie ^ Annie Besant, THE LIFE AND TEACHINGS OF MUHAMMAD, Madras, 1932, p.
[136][223] English is the official language of Pakistan, used in official business, government, and legal contracts;[72] the local dialect is known as Pakistani English.
Punjabi is the commonest language in Pakistan.
Chundrigar Road Karachi Chamber of Commerce & Industry Karachi Stock Exchange Karachi Port Trust Port Qasim Cotton Exchange Pakistan Mercantile Exchange         Transport    Karachi City Station Karachi Cantt.
The Arabian Sea beach lines the southern coastline of Karachi.
Chundrigar Road Karachi Chamber of Commerce & Industry Karachi Stock Exchange Karachi Port Trust Port Qasim Cotton Exchange Pakistan Mercantile Exchange         Transport    Karachi City Station Karachi Cantt.
The 1867 Alaska Purchase from Russia completed the country's mainland expansion.
American Exceptionalism: The Effects of Plenty on the American Experience.
invaded Iraq in 2003, ousting Saddam Hussein.
In 2011, a raid by Navy SEALs in Pakistan killed al-Qaeda leader Osama bin Laden.
The Dolchstoßlegende's popular acceptance in Germany played a significant role in the rise of Nazism.
[25] When Serbia agreed to only eight of the ten demands, Austria-Hungary declared war on 28 July 1914.
However, the Treaty of Peace with Japan was not signed until 1951,[8] and that with Germany not until 1990.
